<?xml version="1.0" encoding="UTF-8"?>
<!-- Generated by org.testng.reporters.JUnitXMLReporter -->
<testsuite hostname="apple-aikyas-Mac-mini.local" ignored="0" name="Default test" tests="3" failures="0" timestamp="11 Jul 2018 10:58:42 GMT" time="28.057" errors="0">
  <testcase name="loginPageTitleTest" time="0.067" classname="com.crm.qa.testcases.LoginPageTest"/>
  <testcase name="crmLogoImageTest" time="0.064" classname="com.crm.qa.testcases.LoginPageTest"/>
  <testcase name="loginTest" time="10.32" classname="com.crm.qa.testcases.LoginPageTest"/>
</testsuite> <!-- Default test -->
